Determining if the pthread_create exist failed with the following output:
Change Dir: /home/waoty/Documents/clo/poo/practica-calificada-4-cnoche/CMakeFiles/CMakeTmp

Run Build Command:"/usr/bin/make" "cmTC_1afd4/fast"
make[1]: Entering directory '/home/waoty/Documents/clo/poo/practica-calificada-4-cnoche/CMakeFiles/CMakeTmp'
/usr/bin/make -f CMakeFiles/cmTC_1afd4.dir/build.make CMakeFiles/cmTC_1afd4.dir/build
make[2]: Entering directory '/home/waoty/Documents/clo/poo/practica-calificada-4-cnoche/CMakeFiles/CMakeTmp'
Building C object CMakeFiles/cmTC_1afd4.dir/CheckSymbolExists.c.o
/usr/bin/cc    -o CMakeFiles/cmTC_1afd4.dir/CheckSymbolExists.c.o   -c /home/waoty/Documents/clo/poo/practica-calificada-4-cnoche/CMakeFiles/CMakeTmp/CheckSymbolExists.c
Linking C executable cmTC_1afd4
/usr/bin/cmake -E cmake_link_script CMakeFiles/cmTC_1afd4.dir/link.txt --verbose=1
/usr/bin/cc      CMakeFiles/cmTC_1afd4.dir/CheckSymbolExists.c.o  -o cmTC_1afd4 
CMakeFiles/cmTC_1afd4.dir/CheckSymbolExists.c.o: In function `main':
CheckSymbolExists.c:(.text+0x1b): undefined reference to `pthread_create'
collect2: error: ld returned 1 exit status
CMakeFiles/cmTC_1afd4.dir/build.make:97: recipe for target 'cmTC_1afd4' failed
make[2]: *** [cmTC_1afd4] Error 1
make[2]: Leaving directory '/home/waoty/Documents/clo/poo/practica-calificada-4-cnoche/CMakeFiles/CMakeTmp'
Makefile:126: recipe for target 'cmTC_1afd4/fast' failed
make[1]: *** [cmTC_1afd4/fast] Error 2
make[1]: Leaving directory '/home/waoty/Documents/clo/poo/practica-calificada-4-cnoche/CMakeFiles/CMakeTmp'

File /home/waoty/Documents/clo/poo/practica-calificada-4-cnoche/CMakeFiles/CMakeTmp/CheckSymbolExists.c:
/* */
#include <pthread.h>

int main(int argc, char** argv)
{
  (void)argv;
#ifndef pthread_create
  return ((int*)(&pthread_create))[argc];
#else
  (void)argc;
  return 0;
#endif
}

